<?xml version="1.0" encoding="UTF-8"?>
<testsuite xmlns:xsi="http://www.w3.org/2001/XMLSchema-instance" xsi:noNamespaceSchemaLocation="https://maven.apache.org/surefire/maven-surefire-plugin/xsd/surefire-test-report.xsd" name="ProductRESTTest" time="0.07" tests="1" errors="0" skipped="0" failures="0">
  <properties>
    <property name="gopherProxySet" value="false"/>
    <property name="awt.toolkit" value="sun.lwawt.macosx.LWCToolkit"/>
    <property name="java.specification.version" value="11"/>
    <property name="sun.cpu.isalist" value=""/>
    <property name="sun.jnu.encoding" value="UTF-8"/>
    <property name="java.class.path" value="/Users/yohannsnigatu/Documents/GitHub/WebStore_Project_BackEnd/target/test-classes:/Users/yohannsnigatu/Documents/GitHub/WebStore_Project_BackEnd/target/classes:/Users/yohannsnigatu/.m2/repository/org/springframework/boot/spring-boot-starter-web/2.4.1/spring-boot-starter-web-2.4.1.jar:/Users/yohannsnigatu/.m2/repository/org/springframework/boot/spring-boot-starter/2.4.1/spring-boot-starter-2.4.1.jar:/Users/yohannsnigatu/.m2/repository/org/springframework/boot/spring-boot/2.4.1/spring-boot-2.4.1.jar:/Users/yohannsnigatu/.m2/repository/org/springframework/boot/spring-boot-autoconfigure/2.4.1/spring-boot-autoconfigure-2.4.1.jar:/Users/yohannsnigatu/.m2/repository/org/springframework/boot/spring-boot-starter-logging/2.4.1/spring-boot-starter-logging-2.4.1.jar:/Users/yohannsnigatu/.m2/repository/ch/qos/logback/logback-classic/1.2.3/logback-classic-1.2.3.jar:/Users/yohannsnigatu/.m2/repository/ch/qos/logback/logback-core/1.2.3/logback-core-1.2.3.jar:/Users/yohannsnigatu/.m2/repository/org/apache/logging/log4j/log4j-to-slf4j/2.13.3/log4j-to-slf4j-2.13.3.jar:/Users/yohannsnigatu/.m2/repository/org/apache/logging/log4j/log4j-api/2.13.3/log4j-api-2.13.3.jar:/Users/yohannsnigatu/.m2/repository/org/slf4j/jul-to-slf4j/1.7.30/jul-to-slf4j-1.7.30.jar:/Users/yohannsnigatu/.m2/repository/jakarta/annotation/jakarta.annotation-api/1.3.5/jakarta.annotation-api-1.3.5.jar:/Users/yohannsnigatu/.m2/repository/org/springframework/spring-core/5.3.2/spring-core-5.3.2.jar:/Users/yohannsnigatu/.m2/repository/org/springframework/spring-jcl/5.3.2/spring-jcl-5.3.2.jar:/Users/yohannsnigatu/.m2/repository/org/yaml/snakeyaml/1.27/snakeyaml-1.27.jar:/Users/yohannsnigatu/.m2/repository/org/springframework/boot/spring-boot-starter-json/2.4.1/spring-boot-starter-json-2.4.1.jar:/Users/yohannsnigatu/.m2/repository/com/fasterxml/jackson/core/jackson-databind/2.11.3/jackson-databind-2.11.3.jar:/Users/yohannsnigatu/.m2/repository/com/fasterxml/jackson/core/jackson-annotations/2.11.3/jackson-annotations-2.11.3.jar:/Users/yohannsnigatu/.m2/repository/com/fasterxml/jackson/core/jackson-core/2.11.3/jackson-core-2.11.3.jar:/Users/yohannsnigatu/.m2/repository/com/fasterxml/jackson/datatype/jackson-datatype-jdk8/2.11.3/jackson-datatype-jdk8-2.11.3.jar:/Users/yohannsnigatu/.m2/repository/com/fasterxml/jackson/datatype/jackson-datatype-jsr310/2.11.3/jackson-datatype-jsr310-2.11.3.jar:/Users/yohannsnigatu/.m2/repository/com/fasterxml/jackson/module/jackson-module-parameter-names/2.11.3/jackson-module-parameter-names-2.11.3.jar:/Users/yohannsnigatu/.m2/repository/org/springframework/boot/spring-boot-starter-tomcat/2.4.1/spring-boot-starter-tomcat-2.4.1.jar:/Users/yohannsnigatu/.m2/repository/org/apache/tomcat/embed/tomcat-embed-core/9.0.41/tomcat-embed-core-9.0.41.jar:/Users/yohannsnigatu/.m2/repository/org/glassfish/jakarta.el/3.0.3/jakarta.el-3.0.3.jar:/Users/yohannsnigatu/.m2/repository/org/apache/tomcat/embed/tomcat-embed-websocket/9.0.41/tomcat-embed-websocket-9.0.41.jar:/Users/yohannsnigatu/.m2/repository/org/springframework/spring-web/5.3.2/spring-web-5.3.2.jar:/Users/yohannsnigatu/.m2/repository/org/springframework/spring-beans/5.3.2/spring-beans-5.3.2.jar:/Users/yohannsnigatu/.m2/repository/org/springframework/spring-webmvc/5.3.2/spring-webmvc-5.3.2.jar:/Users/yohannsnigatu/.m2/repository/org/springframework/spring-aop/5.3.2/spring-aop-5.3.2.jar:/Users/yohannsnigatu/.m2/repository/org/springframework/spring-context/5.3.2/spring-context-5.3.2.jar:/Users/yohannsnigatu/.m2/repository/org/springframework/spring-expression/5.3.2/spring-expression-5.3.2.jar:/Users/yohannsnigatu/.m2/repository/org/springframework/boot/spring-boot-starter-data-mongodb/2.4.1/spring-boot-starter-data-mongodb-2.4.1.jar:/Users/yohannsnigatu/.m2/repository/org/mongodb/mongodb-driver-sync/4.1.1/mongodb-driver-sync-4.1.1.jar:/Users/yohannsnigatu/.m2/repository/org/mongodb/bson/4.1.1/bson-4.1.1.jar:/Users/yohannsnigatu/.m2/repository/org/mongodb/mongodb-driver-core/4.1.1/mongodb-driver-core-4.1.1.jar:/Users/yohannsnigatu/.m2/repository/org/springframework/data/spring-data-mongodb/3.1.2/spring-data-mongodb-3.1.2.jar:/Users/yohannsnigatu/.m2/repository/org/springframework/spring-tx/5.3.2/spring-tx-5.3.2.jar:/Users/yohannsnigatu/.m2/repository/org/springframework/data/spring-data-commons/2.4.2/spring-data-commons-2.4.2.jar:/Users/yohannsnigatu/.m2/repository/org/slf4j/slf4j-api/1.7.30/slf4j-api-1.7.30.jar:/Users/yohannsnigatu/.m2/repository/org/hibernate/validator/hibernate-validator/6.0.10.Final/hibernate-validator-6.0.10.Final.jar:/Users/yohannsnigatu/.m2/repository/javax/validation/validation-api/2.0.1.Final/validation-api-2.0.1.Final.jar:/Users/yohannsnigatu/.m2/repository/org/jboss/logging/jboss-logging/3.4.1.Final/jboss-logging-3.4.1.Final.jar:/Users/yohannsnigatu/.m2/repository/com/fasterxml/classmate/1.5.1/classmate-1.5.1.jar:/Users/yohannsnigatu/.m2/repository/junit/junit/4.11/junit-4.11.jar:/Users/yohannsnigatu/.m2/repository/org/hamcrest/hamcrest-core/2.2/hamcrest-core-2.2.jar:/Users/yohannsnigatu/.m2/repository/org/hamcrest/hamcrest/2.2/hamcrest-2.2.jar:/Users/yohannsnigatu/.m2/repository/com/google/code/gson/gson/2.6.2/gson-2.6.2.jar:/Users/yohannsnigatu/.m2/repository/io/rest-assured/rest-assured/3.0.6/rest-assured-3.0.6.jar:/Users/yohannsnigatu/.m2/repository/org/codehaus/groovy/groovy/2.5.14/groovy-2.5.14.jar:/Users/yohannsnigatu/.m2/repository/org/codehaus/groovy/groovy-xml/2.5.14/groovy-xml-2.5.14.jar:/Users/yohannsnigatu/.m2/repository/org/apache/httpcomponents/httpclient/4.5.13/httpclient-4.5.13.jar:/Users/yohannsnigatu/.m2/repository/org/apache/httpcomponents/httpcore/4.4.14/httpcore-4.4.14.jar:/Users/yohannsnigatu/.m2/repository/commons-codec/commons-codec/1.15/commons-codec-1.15.jar:/Users/yohannsnigatu/.m2/repository/org/apache/httpcomponents/httpmime/4.5.13/httpmime-4.5.13.jar:/Users/yohannsnigatu/.m2/repository/org/hamcrest/hamcrest-library/2.2/hamcrest-library-2.2.jar:/Users/yohannsnigatu/.m2/repository/org/ccil/cowan/tagsoup/tagsoup/1.2.1/tagsoup-1.2.1.jar:/Users/yohannsnigatu/.m2/repository/io/rest-assured/json-path/3.3.0/json-path-3.3.0.jar:/Users/yohannsnigatu/.m2/repository/org/codehaus/groovy/groovy-json/2.5.14/groovy-json-2.5.14.jar:/Users/yohannsnigatu/.m2/repository/io/rest-assured/rest-assured-common/3.3.0/rest-assured-common-3.3.0.jar:/Users/yohannsnigatu/.m2/repository/io/rest-assured/xml-path/3.3.0/xml-path-3.3.0.jar:/Users/yohannsnigatu/.m2/repository/javax/xml/bind/jaxb-api/2.3.1/jaxb-api-2.3.1.jar:/Users/yohannsnigatu/.m2/repository/javax/activation/javax.activation-api/1.2.0/javax.activation-api-1.2.0.jar:/Users/yohannsnigatu/.m2/repository/com/sun/xml/bind/jaxb-osgi/2.2.10/jaxb-osgi-2.2.10.jar:/Users/yohannsnigatu/.m2/repository/org/apache/sling/org.apache.sling.javax.activation/0.1.0/org.apache.sling.javax.activation-0.1.0.jar:/Users/yohannsnigatu/.m2/repository/javax/activation/activation/1.1.1/activation-1.1.1.jar:/Users/yohannsnigatu/.m2/repository/io/rest-assured/json-schema-validator/3.0.6/json-schema-validator-3.0.6.jar:/Users/yohannsnigatu/.m2/repository/com/github/fge/json-schema-validator/2.2.6/json-schema-validator-2.2.6.jar:/Users/yohannsnigatu/.m2/repository/com/google/code/findbugs/jsr305/3.0.0/jsr305-3.0.0.jar:/Users/yohannsnigatu/.m2/repository/joda-time/joda-time/2.3/joda-time-2.3.jar:/Users/yohannsnigatu/.m2/repository/com/googlecode/libphonenumber/libphonenumber/6.2/libphonenumber-6.2.jar:/Users/yohannsnigatu/.m2/repository/com/github/fge/json-schema-core/1.2.5/json-schema-core-1.2.5.jar:/Users/yohannsnigatu/.m2/repository/com/github/fge/uri-template/0.9/uri-template-0.9.jar:/Users/yohannsnigatu/.m2/repository/com/github/fge/msg-simple/1.1/msg-simple-1.1.jar:/Users/yohannsnigatu/.m2/repository/com/github/fge/btf/1.2/btf-1.2.jar:/Users/yohannsnigatu/.m2/repository/com/google/guava/guava/16.0.1/guava-16.0.1.jar:/Users/yohannsnigatu/.m2/repository/com/github/fge/jackson-coreutils/1.8/jackson-coreutils-1.8.jar:/Users/yohannsnigatu/.m2/repository/org/mozilla/rhino/1.7R4/rhino-1.7R4.jar:/Users/yohannsnigatu/.m2/repository/javax/mail/mailapi/1.4.3/mailapi-1.4.3.jar:/Users/yohannsnigatu/.m2/repository/net/sf/jopt-simple/jopt-simple/4.6/jopt-simple-4.6.jar:/Users/yohannsnigatu/.m2/repository/org/apache/commons/commons-lang3/3.7/commons-lang3-3.7.jar:/Users/yohannsnigatu/.m2/repository/com/tngtech/java/junit-dataprovider/1.10.0/junit-dataprovider-1.10.0.jar:"/>
    <property name="java.vm.vendor" value="Amazon.com Inc."/>
    <property name="sun.arch.data.model" value="64"/>
    <property name="java.vendor.url" value="https://aws.amazon.com/corretto/"/>
    <property name="user.timezone" value=""/>
    <property name="java.vm.specification.version" value="11"/>
    <property name="os.name" value="Mac OS X"/>
    <property name="sun.java.launcher" value="SUN_STANDARD"/>
    <property name="user.country" value="US"/>
    <property name="sun.boot.library.path" value="/Users/yohannsnigatu/Library/Java/JavaVirtualMachines/corretto-11.0.12/Contents/Home/lib"/>
    <property name="sun.java.command" value="/Users/yohannsnigatu/Documents/GitHub/WebStore_Project_BackEnd/target/surefire/surefirebooter3470805357983869676.jar /Users/yohannsnigatu/Documents/GitHub/WebStore_Project_BackEnd/target/surefire 2021-11-19T12-19-10_279-jvmRun1 surefire17664268387770190452tmp surefire_010942485791070624322tmp"/>
    <property name="http.nonProxyHosts" value="local|*.local|169.254/16|*.169.254/16"/>
    <property name="jdk.debug" value="release"/>
    <property name="surefire.test.class.path" value="/Users/yohannsnigatu/Documents/GitHub/WebStore_Project_BackEnd/target/test-classes:/Users/yohannsnigatu/Documents/GitHub/WebStore_Project_BackEnd/target/classes:/Users/yohannsnigatu/.m2/repository/org/springframework/boot/spring-boot-starter-web/2.4.1/spring-boot-starter-web-2.4.1.jar:/Users/yohannsnigatu/.m2/repository/org/springframework/boot/spring-boot-starter/2.4.1/spring-boot-starter-2.4.1.jar:/Users/yohannsnigatu/.m2/repository/org/springframework/boot/spring-boot/2.4.1/spring-boot-2.4.1.jar:/Users/yohannsnigatu/.m2/repository/org/springframework/boot/spring-boot-autoconfigure/2.4.1/spring-boot-autoconfigure-2.4.1.jar:/Users/yohannsnigatu/.m2/repository/org/springframework/boot/spring-boot-starter-logging/2.4.1/spring-boot-starter-logging-2.4.1.jar:/Users/yohannsnigatu/.m2/repository/ch/qos/logback/logback-classic/1.2.3/logback-classic-1.2.3.jar:/Users/yohannsnigatu/.m2/repository/ch/qos/logback/logback-core/1.2.3/logback-core-1.2.3.jar:/Users/yohannsnigatu/.m2/repository/org/apache/logging/log4j/log4j-to-slf4j/2.13.3/log4j-to-slf4j-2.13.3.jar:/Users/yohannsnigatu/.m2/repository/org/apache/logging/log4j/log4j-api/2.13.3/log4j-api-2.13.3.jar:/Users/yohannsnigatu/.m2/repository/org/slf4j/jul-to-slf4j/1.7.30/jul-to-slf4j-1.7.30.jar:/Users/yohannsnigatu/.m2/repository/jakarta/annotation/jakarta.annotation-api/1.3.5/jakarta.annotation-api-1.3.5.jar:/Users/yohannsnigatu/.m2/repository/org/springframework/spring-core/5.3.2/spring-core-5.3.2.jar:/Users/yohannsnigatu/.m2/repository/org/springframework/spring-jcl/5.3.2/spring-jcl-5.3.2.jar:/Users/yohannsnigatu/.m2/repository/org/yaml/snakeyaml/1.27/snakeyaml-1.27.jar:/Users/yohannsnigatu/.m2/repository/org/springframework/boot/spring-boot-starter-json/2.4.1/spring-boot-starter-json-2.4.1.jar:/Users/yohannsnigatu/.m2/repository/com/fasterxml/jackson/core/jackson-databind/2.11.3/jackson-databind-2.11.3.jar:/Users/yohannsnigatu/.m2/repository/com/fasterxml/jackson/core/jackson-annotations/2.11.3/jackson-annotations-2.11.3.jar:/Users/yohannsnigatu/.m2/repository/com/fasterxml/jackson/core/jackson-core/2.11.3/jackson-core-2.11.3.jar:/Users/yohannsnigatu/.m2/repository/com/fasterxml/jackson/datatype/jackson-datatype-jdk8/2.11.3/jackson-datatype-jdk8-2.11.3.jar:/Users/yohannsnigatu/.m2/repository/com/fasterxml/jackson/datatype/jackson-datatype-jsr310/2.11.3/jackson-datatype-jsr310-2.11.3.jar:/Users/yohannsnigatu/.m2/repository/com/fasterxml/jackson/module/jackson-module-parameter-names/2.11.3/jackson-module-parameter-names-2.11.3.jar:/Users/yohannsnigatu/.m2/repository/org/springframework/boot/spring-boot-starter-tomcat/2.4.1/spring-boot-starter-tomcat-2.4.1.jar:/Users/yohannsnigatu/.m2/repository/org/apache/tomcat/embed/tomcat-embed-core/9.0.41/tomcat-embed-core-9.0.41.jar:/Users/yohannsnigatu/.m2/repository/org/glassfish/jakarta.el/3.0.3/jakarta.el-3.0.3.jar:/Users/yohannsnigatu/.m2/repository/org/apache/tomcat/embed/tomcat-embed-websocket/9.0.41/tomcat-embed-websocket-9.0.41.jar:/Users/yohannsnigatu/.m2/repository/org/springframework/spring-web/5.3.2/spring-web-5.3.2.jar:/Users/yohannsnigatu/.m2/repository/org/springframework/spring-beans/5.3.2/spring-beans-5.3.2.jar:/Users/yohannsnigatu/.m2/repository/org/springframework/spring-webmvc/5.3.2/spring-webmvc-5.3.2.jar:/Users/yohannsnigatu/.m2/repository/org/springframework/spring-aop/5.3.2/spring-aop-5.3.2.jar:/Users/yohannsnigatu/.m2/repository/org/springframework/spring-context/5.3.2/spring-context-5.3.2.jar:/Users/yohannsnigatu/.m2/repository/org/springframework/spring-expression/5.3.2/spring-expression-5.3.2.jar:/Users/yohannsnigatu/.m2/repository/org/springframework/boot/spring-boot-starter-data-mongodb/2.4.1/spring-boot-starter-data-mongodb-2.4.1.jar:/Users/yohannsnigatu/.m2/repository/org/mongodb/mongodb-driver-sync/4.1.1/mongodb-driver-sync-4.1.1.jar:/Users/yohannsnigatu/.m2/repository/org/mongodb/bson/4.1.1/bson-4.1.1.jar:/Users/yohannsnigatu/.m2/repository/org/mongodb/mongodb-driver-core/4.1.1/mongodb-driver-core-4.1.1.jar:/Users/yohannsnigatu/.m2/repository/org/springframework/data/spring-data-mongodb/3.1.2/spring-data-mongodb-3.1.2.jar:/Users/yohannsnigatu/.m2/repository/org/springframework/spring-tx/5.3.2/spring-tx-5.3.2.jar:/Users/yohannsnigatu/.m2/repository/org/springframework/data/spring-data-commons/2.4.2/spring-data-commons-2.4.2.jar:/Users/yohannsnigatu/.m2/repository/org/slf4j/slf4j-api/1.7.30/slf4j-api-1.7.30.jar:/Users/yohannsnigatu/.m2/repository/org/hibernate/validator/hibernate-validator/6.0.10.Final/hibernate-validator-6.0.10.Final.jar:/Users/yohannsnigatu/.m2/repository/javax/validation/validation-api/2.0.1.Final/validation-api-2.0.1.Final.jar:/Users/yohannsnigatu/.m2/repository/org/jboss/logging/jboss-logging/3.4.1.Final/jboss-logging-3.4.1.Final.jar:/Users/yohannsnigatu/.m2/repository/com/fasterxml/classmate/1.5.1/classmate-1.5.1.jar:/Users/yohannsnigatu/.m2/repository/junit/junit/4.11/junit-4.11.jar:/Users/yohannsnigatu/.m2/repository/org/hamcrest/hamcrest-core/2.2/hamcrest-core-2.2.jar:/Users/yohannsnigatu/.m2/repository/org/hamcrest/hamcrest/2.2/hamcrest-2.2.jar:/Users/yohannsnigatu/.m2/repository/com/google/code/gson/gson/2.6.2/gson-2.6.2.jar:/Users/yohannsnigatu/.m2/repository/io/rest-assured/rest-assured/3.0.6/rest-assured-3.0.6.jar:/Users/yohannsnigatu/.m2/repository/org/codehaus/groovy/groovy/2.5.14/groovy-2.5.14.jar:/Users/yohannsnigatu/.m2/repository/org/codehaus/groovy/groovy-xml/2.5.14/groovy-xml-2.5.14.jar:/Users/yohannsnigatu/.m2/repository/org/apache/httpcomponents/httpclient/4.5.13/httpclient-4.5.13.jar:/Users/yohannsnigatu/.m2/repository/org/apache/httpcomponents/httpcore/4.4.14/httpcore-4.4.14.jar:/Users/yohannsnigatu/.m2/repository/commons-codec/commons-codec/1.15/commons-codec-1.15.jar:/Users/yohannsnigatu/.m2/repository/org/apache/httpcomponents/httpmime/4.5.13/httpmime-4.5.13.jar:/Users/yohannsnigatu/.m2/repository/org/hamcrest/hamcrest-library/2.2/hamcrest-library-2.2.jar:/Users/yohannsnigatu/.m2/repository/org/ccil/cowan/tagsoup/tagsoup/1.2.1/tagsoup-1.2.1.jar:/Users/yohannsnigatu/.m2/repository/io/rest-assured/json-path/3.3.0/json-path-3.3.0.jar:/Users/yohannsnigatu/.m2/repository/org/codehaus/groovy/groovy-json/2.5.14/groovy-json-2.5.14.jar:/Users/yohannsnigatu/.m2/repository/io/rest-assured/rest-assured-common/3.3.0/rest-assured-common-3.3.0.jar:/Users/yohannsnigatu/.m2/repository/io/rest-assured/xml-path/3.3.0/xml-path-3.3.0.jar:/Users/yohannsnigatu/.m2/repository/javax/xml/bind/jaxb-api/2.3.1/jaxb-api-2.3.1.jar:/Users/yohannsnigatu/.m2/repository/javax/activation/javax.activation-api/1.2.0/javax.activation-api-1.2.0.jar:/Users/yohannsnigatu/.m2/repository/com/sun/xml/bind/jaxb-osgi/2.2.10/jaxb-osgi-2.2.10.jar:/Users/yohannsnigatu/.m2/repository/org/apache/sling/org.apache.sling.javax.activation/0.1.0/org.apache.sling.javax.activation-0.1.0.jar:/Users/yohannsnigatu/.m2/repository/javax/activation/activation/1.1.1/activation-1.1.1.jar:/Users/yohannsnigatu/.m2/repository/io/rest-assured/json-schema-validator/3.0.6/json-schema-validator-3.0.6.jar:/Users/yohannsnigatu/.m2/repository/com/github/fge/json-schema-validator/2.2.6/json-schema-validator-2.2.6.jar:/Users/yohannsnigatu/.m2/repository/com/google/code/findbugs/jsr305/3.0.0/jsr305-3.0.0.jar:/Users/yohannsnigatu/.m2/repository/joda-time/joda-time/2.3/joda-time-2.3.jar:/Users/yohannsnigatu/.m2/repository/com/googlecode/libphonenumber/libphonenumber/6.2/libphonenumber-6.2.jar:/Users/yohannsnigatu/.m2/repository/com/github/fge/json-schema-core/1.2.5/json-schema-core-1.2.5.jar:/Users/yohannsnigatu/.m2/repository/com/github/fge/uri-template/0.9/uri-template-0.9.jar:/Users/yohannsnigatu/.m2/repository/com/github/fge/msg-simple/1.1/msg-simple-1.1.jar:/Users/yohannsnigatu/.m2/repository/com/github/fge/btf/1.2/btf-1.2.jar:/Users/yohannsnigatu/.m2/repository/com/google/guava/guava/16.0.1/guava-16.0.1.jar:/Users/yohannsnigatu/.m2/repository/com/github/fge/jackson-coreutils/1.8/jackson-coreutils-1.8.jar:/Users/yohannsnigatu/.m2/repository/org/mozilla/rhino/1.7R4/rhino-1.7R4.jar:/Users/yohannsnigatu/.m2/repository/javax/mail/mailapi/1.4.3/mailapi-1.4.3.jar:/Users/yohannsnigatu/.m2/repository/net/sf/jopt-simple/jopt-simple/4.6/jopt-simple-4.6.jar:/Users/yohannsnigatu/.m2/repository/org/apache/commons/commons-lang3/3.7/commons-lang3-3.7.jar:/Users/yohannsnigatu/.m2/repository/com/tngtech/java/junit-dataprovider/1.10.0/junit-dataprovider-1.10.0.jar:"/>
    <property name="sun.cpu.endian" value="little"/>
    <property name="user.home" value="/Users/yohannsnigatu"/>
    <property name="user.language" value="en"/>
    <property name="java.specification.vendor" value="Oracle Corporation"/>
    <property name="java.version.date" value="2021-07-20"/>
    <property name="java.home" value="/Users/yohannsnigatu/Library/Java/JavaVirtualMachines/corretto-11.0.12/Contents/Home"/>
    <property name="file.separator" value="/"/>
    <property name="basedir" value="/Users/yohannsnigatu/Documents/GitHub/WebStore_Project_BackEnd"/>
    <property name="java.vm.compressedOopsMode" value="Zero based"/>
    <property name="line.separator" value="&#10;"/>
    <property name="java.specification.name" value="Java Platform API Specification"/>
    <property name="java.vm.specification.vendor" value="Oracle Corporation"/>
    <property name="java.awt.graphicsenv" value="sun.awt.CGraphicsEnvironment"/>
    <property name="surefire.real.class.path" value="/Users/yohannsnigatu/Documents/GitHub/WebStore_Project_BackEnd/target/surefire/surefirebooter3470805357983869676.jar"/>
    <property name="sun.management.compiler" value="HotSpot 64-Bit Tiered Compilers"/>
    <property name="ftp.nonProxyHosts" value="local|*.local|169.254/16|*.169.254/16"/>
    <property name="java.runtime.version" value="11.0.12+7-LTS"/>
    <property name="user.name" value="yohannsnigatu"/>
    <property name="path.separator" value=":"/>
    <property name="os.version" value="11.5.2"/>
    <property name="java.runtime.name" value="OpenJDK Runtime Environment"/>
    <property name="file.encoding" value="UTF-8"/>
    <property name="java.vm.name" value="OpenJDK 64-Bit Server VM"/>
    <property name="java.vendor.version" value="Corretto-11.0.12.7.2"/>
    <property name="localRepository" value="/Users/yohannsnigatu/.m2/repository"/>
    <property name="java.vendor.url.bug" value="https://github.com/corretto/corretto-11/issues/"/>
    <property name="java.io.tmpdir" value="/var/folders/13/fwmms2mn5szf058mv8mmz21c0000gn/T/"/>
    <property name="idea.version" value="2021.2.1"/>
    <property name="java.version" value="11.0.12"/>
    <property name="user.dir" value="/Users/yohannsnigatu/Documents/GitHub/WebStore_Project_BackEnd"/>
    <property name="os.arch" value="x86_64"/>
    <property name="java.vm.specification.name" value="Java Virtual Machine Specification"/>
    <property name="java.awt.printerjob" value="sun.lwawt.macosx.CPrinterJob"/>
    <property name="sun.os.patch.level" value="unknown"/>
    <property name="java.library.path" value="/Users/yohannsnigatu/Library/Java/Extensions:/Library/Java/Extensions:/Network/Library/Java/Extensions:/System/Library/Java/Extensions:/usr/lib/java:."/>
    <property name="java.vm.info" value="mixed mode"/>
    <property name="java.vendor" value="Amazon.com Inc."/>
    <property name="java.vm.version" value="11.0.12+7-LTS"/>
    <property name="sun.io.unicode.encoding" value="UnicodeBig"/>
    <property name="java.class.version" value="55.0"/>
    <property name="socksNonProxyHosts" value="local|*.local|169.254/16|*.169.254/16"/>
  </properties>
  <testcase name="passTest" classname="ProductRESTTest" time="0.005"/>
</testsuite>